

Started GET "/assets/rails.png" for 127.0.0.1 at 2011-11-16 16:35:19 +0300
Served asset /rails.png - 304 Not Modified (6ms)


Started GET "/users/sign_up" for 127.0.0.1 at 2011-11-16 16:36:01 +0300

ActionController::RoutingError (No route matches [GET] "/users/sign_up"):
  

Rendered /home/nvr/.rvm/gems/ruby-1.9.3-p0@Test2/gems/actionpack-3.1.1/lib/action_dispatch/middleware/templates/rescues/routing_error.erb within rescues/layout (5.6ms)


Started GET "/users/sign_up" for 127.0.0.1 at 2011-11-16 16:37:19 +0300

NameError (uninitialized constant User):
  config/routes.rb:3:in `block in <top (required)>'
  config/routes.rb:1:in `<top (required)>'

Rendered /home/nvr/.rvm/gems/ruby-1.9.3-p0@Test2/gems/actionpack-3.1.1/lib/action_dispatch/middleware/templates/rescues/_trace.erb (5.8ms)
Rendered /home/nvr/.rvm/gems/ruby-1.9.3-p0@Test2/gems/actionpack-3.1.1/lib/action_dispatch/middleware/templates/rescues/_request_and_response.erb (44.0ms)
Rendered /home/nvr/.rvm/gems/ruby-1.9.3-p0@Test2/gems/actionpack-3.1.1/lib/action_dispatch/middleware/templates/rescues/diagnostics.erb within rescues/layout (53.5ms)


Started GET "/users/sign_up" for 127.0.0.1 at 2011-11-16 16:44:06 +0300

NameError (uninitialized constant User):
  config/routes.rb:3:in `block in <top (required)>'
  config/routes.rb:1:in `<top (required)>'

Rendered /home/nvr/.rvm/gems/ruby-1.9.3-p0@Test2/gems/actionpack-3.1.1/lib/action_dispatch/middleware/templates/rescues/_trace.erb (4.6ms)
Rendered /home/nvr/.rvm/gems/ruby-1.9.3-p0@Test2/gems/actionpack-3.1.1/lib/action_dispatch/middleware/templates/rescues/_request_and_response.erb (1.4ms)
Rendered /home/nvr/.rvm/gems/ruby-1.9.3-p0@Test2/gems/actionpack-3.1.1/lib/action_dispatch/middleware/templates/rescues/diagnostics.erb within rescues/layout (8.9ms)
  [1m[36m (0.2ms)[0m  [1mselect sqlite_version(*)[0m
  [1m[35m (102.5ms)[0m  CREATE TABLE "schema_migrations" ("version" varchar(255) NOT NULL) 
  [1m[36m (0.1ms)[0m  [1mPRAGMA index_list("schema_migrations")[0m
  [1m[35m (29.1ms)[0m  CREATE UNIQUE INDEX "unique_schema_migrations" ON "schema_migrations" ("version")
  [1m[36m (0.1ms)[0m  [1mSELECT "schema_migrations"."version" FROM "schema_migrations" [0m
Migrating to DeviseCreateUsers (20111116134452)
  [1m[35m (1.0ms)[0m  CREATE TABLE "users" ("id" INTEGER PRIMARY KEY AUTOINCREMENT NOT NULL, "email" varchar(255) DEFAULT '' NOT NULL, "encrypted_password" varchar(128) DEFAULT '' NOT NULL, "reset_password_token" varchar(255), "reset_password_sent_at" datetime, "remember_created_at" datetime, "sign_in_count" integer DEFAULT 0, "current_sign_in_at" datetime, "last_sign_in_at" datetime, "current_sign_in_ip" varchar(255), "last_sign_in_ip" varchar(255), "created_at" datetime, "updated_at" datetime) 
  [1m[36m (0.2ms)[0m  [1mPRAGMA index_list("users")[0m
  [1m[35m (31.8ms)[0m  CREATE UNIQUE INDEX "index_users_on_email" ON "users" ("email")
  [1m[36m (0.1ms)[0m  [1mPRAGMA index_list("users")[0m
  [1m[35m (0.1ms)[0m  PRAGMA index_info('index_users_on_email')
  [1m[36m (0.2ms)[0m  [1mCREATE UNIQUE INDEX "index_users_on_reset_password_token" ON "users" ("reset_password_token")[0m
  [1m[35m (0.1ms)[0m  INSERT INTO "schema_migrations" ("version") VALUES ('20111116134452')
  [1m[36m (0.4ms)[0m  [1mselect sqlite_version(*)[0m
  [1m[35m (0.2ms)[0m  SELECT "schema_migrations"."version" FROM "schema_migrations" 
  [1m[36m (0.0ms)[0m  [1mPRAGMA index_list("users")[0m
  [1m[35m (0.1ms)[0m  PRAGMA index_info('index_users_on_reset_password_token')
  [1m[36m (0.1ms)[0m  [1mPRAGMA index_info('index_users_on_email')[0m


Started GET "/users/sign_up" for 127.0.0.1 at 2011-11-16 16:55:27 +0300

NameError (uninitialized constant View):
  config/routes.rb:3:in `block in <top (required)>'
  config/routes.rb:1:in `<top (required)>'

Rendered /home/nvr/.rvm/gems/ruby-1.9.3-p0@Test2/gems/actionpack-3.1.1/lib/action_dispatch/middleware/templates/rescues/_trace.erb (1.8ms)
Rendered /home/nvr/.rvm/gems/ruby-1.9.3-p0@Test2/gems/actionpack-3.1.1/lib/action_dispatch/middleware/templates/rescues/_request_and_response.erb (1.3ms)
Rendered /home/nvr/.rvm/gems/ruby-1.9.3-p0@Test2/gems/actionpack-3.1.1/lib/action_dispatch/middleware/templates/rescues/diagnostics.erb within rescues/layout (6.2ms)


Started GET "/users/sign_up" for 127.0.0.1 at 2011-11-16 16:55:29 +0300

ActionController::RoutingError (No route matches [GET] "/users/sign_up"):
  

Rendered /home/nvr/.rvm/gems/ruby-1.9.3-p0@Test2/gems/actionpack-3.1.1/lib/action_dispatch/middleware/templates/rescues/routing_error.erb within rescues/layout (0.8ms)
  [1m[36m (0.2ms)[0m  [1mSELECT "schema_migrations"."version" FROM "schema_migrations" [0m
Migrating to DeviseCreateUsers (20111116134452)
  [1m[35m (0.4ms)[0m  select sqlite_version(*)
  [1m[36m (0.2ms)[0m  [1mSELECT "schema_migrations"."version" FROM "schema_migrations" [0m
  [1m[35m (0.1ms)[0m  PRAGMA index_list("users")
  [1m[36m (0.2ms)[0m  [1mPRAGMA index_info('index_users_on_reset_password_token')[0m
  [1m[35m (0.1ms)[0m  PRAGMA index_info('index_users_on_email')


Started GET "/users/sign_up" for 127.0.0.1 at 2011-11-16 16:57:06 +0300

NoMethodError (undefined method `devise' for #<Class:0x00000004cf2bd8>):
  app/models/user.rb:4:in `<class:User>'
  app/models/user.rb:1:in `<top (required)>'
  config/routes.rb:3:in `block in <top (required)>'
  config/routes.rb:1:in `<top (required)>'

Rendered /home/nvr/.rvm/gems/ruby-1.9.3-p0@Test2/gems/actionpack-3.1.1/lib/action_dispatch/middleware/templates/rescues/_trace.erb (2.3ms)
Rendered /home/nvr/.rvm/gems/ruby-1.9.3-p0@Test2/gems/actionpack-3.1.1/lib/action_dispatch/middleware/templates/rescues/_request_and_response.erb (1.5ms)
Rendered /home/nvr/.rvm/gems/ruby-1.9.3-p0@Test2/gems/actionpack-3.1.1/lib/action_dispatch/middleware/templates/rescues/diagnostics.erb within rescues/layout (39.8ms)


Started GET "/users/" for 127.0.0.1 at 2011-11-16 16:58:11 +0300

ActionController::RoutingError (No route matches [GET] "/users"):
  

Rendered /home/nvr/.rvm/gems/ruby-1.9.3-p0@Test2/gems/actionpack-3.1.1/lib/action_dispatch/middleware/templates/rescues/routing_error.erb within rescues/layout (0.8ms)


Started GET "/users/sign_in" for 127.0.0.1 at 2011-11-16 17:00:01 +0300
  Processing by Devise::SessionsController#new as HTML
Rendered devise/shared/_links.erb (2.8ms)
Rendered devise/sessions/new.html.erb within layouts/application (263.7ms)
Compiled application.css  (3ms)  (pid 21408)
Compiled application.js  (5ms)  (pid 21408)
Compiled jquery.js  (40ms)  (pid 21408)
Compiled jquery_ujs.js  (0ms)  (pid 21408)
Completed 200 OK in 562ms (Views: 391.2ms | ActiveRecord: 1.4ms)


Started GET "/assets/application.css?body=1" for 127.0.0.1 at 2011-11-16 17:00:02 +0300
Served asset /application.css - 200 OK (0ms)


Started GET "/assets/jquery.js?body=1" for 127.0.0.1 at 2011-11-16 17:00:02 +0300
Served asset /jquery.js - 200 OK (4ms)


Started GET "/assets/jquery_ujs.js?body=1" for 127.0.0.1 at 2011-11-16 17:00:02 +0300
Served asset /jquery_ujs.js - 200 OK (2ms)


Started GET "/assets/application.js?body=1" for 127.0.0.1 at 2011-11-16 17:00:02 +0300
Served asset /application.js - 200 OK (0ms)
  [1m[36m (0.1ms)[0m  [1mSELECT "schema_migrations"."version" FROM "schema_migrations" [0m
Migrating to DeviseCreateUsers (20111116134452)
Migrating to AddUsernameToUsers (20111116140152)
  [1m[35m (0.1ms)[0m  select sqlite_version(*)
  [1m[36m (1.4ms)[0m  [1mALTER TABLE "users" ADD "username" varchar(255)[0m
  [1m[35m (0.5ms)[0m  INSERT INTO "schema_migrations" ("version") VALUES ('20111116140152')
  [1m[36m (0.4ms)[0m  [1mselect sqlite_version(*)[0m
  [1m[35m (0.1ms)[0m  SELECT "schema_migrations"."version" FROM "schema_migrations" 
  [1m[36m (0.1ms)[0m  [1mPRAGMA index_list("users")[0m
  [1m[35m (0.1ms)[0m  PRAGMA index_info('index_users_on_reset_password_token')
  [1m[36m (0.1ms)[0m  [1mPRAGMA index_info('index_users_on_email')[0m
