Compiled application.js  (6ms)  (pid 27402)
Compiled jquery.js  (5ms)  (pid 27402)
Compiled jquery-ui.js  (36ms)  (pid 27402)
Compiled jquery_ujs.js  (0ms)  (pid 27402)
Compiled bootstrap-modal.js  (0ms)  (pid 27402)
Compiled bootstrap-popover.js  (0ms)  (pid 27402)
Compiled event_calendar.js  (0ms)  (pid 27402)
Compiled jquery-1.6.2.min.js  (1ms)  (pid 27402)
Compiled jquery-ui-1.8.16.custom.min.js  (0ms)  (pid 27402)
Compiled jquery-ui-timepicker-addon.js  (0ms)  (pid 27402)
Compiled application.css  (7ms)  (pid 27402)
Compiled bootstrap.css  (1ms)  (pid 27402)
Compiled custom.css  (45ms)  (pid 27402)
Compiled event_calendar.css  (0ms)  (pid 27402)
Compiled jquery-ui-1.8.16.custom.css  (0ms)  (pid 27402)
Compiled smoothness/jquery-ui-1.8.16.custom.css  (0ms)  (pid 27402)
Compiled application.js  (5ms)  (pid 27388)
Compiled jquery.js  (5ms)  (pid 27388)
Compiled jquery-ui.js  (29ms)  (pid 27388)
Compiled jquery_ujs.js  (0ms)  (pid 27388)
Compiled bootstrap-modal.js  (0ms)  (pid 27388)
Compiled bootstrap-popover.js  (0ms)  (pid 27388)
Compiled event_calendar.js  (0ms)  (pid 27388)
Compiled jquery-1.6.2.min.js  (1ms)  (pid 27388)
Compiled jquery-ui-1.8.16.custom.min.js  (0ms)  (pid 27388)
Compiled jquery-ui-timepicker-addon.js  (0ms)  (pid 27388)
Compiled application.css  (5ms)  (pid 27388)
Compiled bootstrap.css  (0ms)  (pid 27388)
Compiled custom.css  (45ms)  (pid 27388)
Compiled event_calendar.css  (0ms)  (pid 27388)
Compiled jquery-ui-1.8.16.custom.css  (0ms)  (pid 27388)
Compiled smoothness/jquery-ui-1.8.16.custom.css  (0ms)  (pid 27388)
Compiled application.js  (18ms)  (pid 27521)
Compiled jquery.js  (6ms)  (pid 27521)
Compiled jquery-ui.js  (31ms)  (pid 27521)
Compiled jquery_ujs.js  (0ms)  (pid 27521)
Compiled bootstrap-modal.js  (0ms)  (pid 27521)
Compiled bootstrap-popover.js  (0ms)  (pid 27521)
Compiled event_calendar.js  (0ms)  (pid 27521)
Compiled jquery-1.6.2.min.js  (1ms)  (pid 27521)
Compiled jquery-ui-1.8.16.custom.min.js  (0ms)  (pid 27521)
Compiled jquery-ui-timepicker-addon.js  (0ms)  (pid 27521)
Compiled application.css  (7ms)  (pid 27521)
Compiled bootstrap.css  (0ms)  (pid 27521)
Compiled custom.css  (45ms)  (pid 27521)
Compiled event_calendar.css  (0ms)  (pid 27521)
Compiled jquery-ui-1.8.16.custom.css  (0ms)  (pid 27521)
Compiled smoothness/jquery-ui-1.8.16.custom.css  (0ms)  (pid 27521)
Compiled application.js  (6ms)  (pid 27505)
Compiled jquery.js  (7ms)  (pid 27505)
Compiled jquery-ui.js  (38ms)  (pid 27505)
Compiled jquery_ujs.js  (0ms)  (pid 27505)
Compiled bootstrap-modal.js  (0ms)  (pid 27505)
Compiled bootstrap-popover.js  (0ms)  (pid 27505)
Compiled event_calendar.js  (0ms)  (pid 27505)
Compiled jquery-1.6.2.min.js  (1ms)  (pid 27505)
Compiled jquery-ui-1.8.16.custom.min.js  (1ms)  (pid 27505)
Compiled jquery-ui-timepicker-addon.js  (0ms)  (pid 27505)
Compiled application.css  (6ms)  (pid 27505)
Compiled bootstrap.css  (0ms)  (pid 27505)
Compiled custom.css  (16ms)  (pid 27505)
Compiled event_calendar.css  (0ms)  (pid 27505)
Compiled jquery-ui-1.8.16.custom.css  (0ms)  (pid 27505)
Compiled smoothness/jquery-ui-1.8.16.custom.css  (0ms)  (pid 27505)
Compiled application.js  (5ms)  (pid 27972)
Compiled jquery.js  (6ms)  (pid 27972)
Compiled jquery_ujs.js  (0ms)  (pid 27972)
Compiled bootstrap-modal.js  (0ms)  (pid 27972)
Compiled bootstrap-popover.js  (0ms)  (pid 27972)
Compiled event_calendar.js  (0ms)  (pid 27972)
Compiled jquery-1.6.2.min.js  (2ms)  (pid 27972)
Compiled jquery-ui-1.8.16.custom.min.js  (0ms)  (pid 27972)
Compiled jquery-ui-timepicker-addon.js  (0ms)  (pid 27972)
Compiled application.css  (6ms)  (pid 27972)
Compiled bootstrap.css  (0ms)  (pid 27972)
Compiled custom.css  (17ms)  (pid 27972)
Compiled event_calendar.css  (0ms)  (pid 27972)
Compiled jquery-ui-1.8.16.custom.css  (0ms)  (pid 27972)
Compiled smoothness/jquery-ui-1.8.16.custom.css  (0ms)  (pid 27972)
Compiled application.js  (3ms)  (pid 27958)
Compiled jquery.js  (5ms)  (pid 27958)
Compiled jquery_ujs.js  (0ms)  (pid 27958)
Compiled bootstrap-modal.js  (0ms)  (pid 27958)
Compiled bootstrap-popover.js  (0ms)  (pid 27958)
Compiled event_calendar.js  (0ms)  (pid 27958)
Compiled jquery-1.6.2.min.js  (2ms)  (pid 27958)
Compiled jquery-ui-1.8.16.custom.min.js  (0ms)  (pid 27958)
Compiled jquery-ui-timepicker-addon.js  (0ms)  (pid 27958)
Compiled application.css  (5ms)  (pid 27958)
Compiled bootstrap.css  (0ms)  (pid 27958)
Compiled custom.css  (20ms)  (pid 27958)
Compiled event_calendar.css  (0ms)  (pid 27958)
Compiled jquery-ui-1.8.16.custom.css  (0ms)  (pid 27958)
Compiled smoothness/jquery-ui-1.8.16.custom.css  (0ms)  (pid 27958)
